<?xml version="1.0" encoding="UTF-8"?>
<project xmlns="http://maven.apache.org/POM/4.0.0"
         xmlns:xsi="http://www.w3.org/2001/XMLSchema-instance"
         xsi:schemaLocation="http://maven.apache.org/POM/4.0.0 http://maven.apache.org/xsd/maven-4.0.0.xsd">
    <modelVersion>4.0.0</modelVersion>

    <groupId>com.github.matthewjohnson42</groupId>
    <artifactId>memex-spring-data-test</artifactId>
    <version>2.0.23</version>
    <packaging>jar</packaging>

    <properties>
        <java.version>11</java.version>
        <maven.compiler.source>11</maven.compiler.source>
        <maven.compiler.target>11</maven.compiler.target>
        <spring.version>5.3.21</spring.version>
        <junit.version>5.8.2</junit.version>
        <mockito.version>4.6.1</mockito.version>
    </properties>

    <dependencyManagement>
        <dependencies>
            <!-- Spring Data BOM -->
            <dependency>
                <groupId>org.springframework.data</groupId>
                <artifactId>spring-data-bom</artifactId>
                <version>2022.0.6</version>
                <scope>import</scope>
                <type>pom</type>
            </dependency>
        </dependencies>
    </dependencyManagement>
    
    <dependencies>
        <!-- Spring Dependencies -->
        <dependency>
            <groupId>org.springframework</groupId>
            <artifactId>spring-context</artifactId>
            <version>${spring.version}</version>
        </dependency>
        <dependency>
            <groupId>org.springframework</groupId>
            <artifactId>spring-web</artifactId>
            <version>${spring.version}</version>
        </dependency>
        <dependency>
            <groupId>org.springframework</groupId>
            <artifactId>spring-webmvc</artifactId>
            <version>${spring.version}</version>
        </dependency>
        
        <!-- Spring Data MongoDB -->
        <dependency>
            <groupId>org.springframework.data</groupId>
            <artifactId>spring-data-mongodb</artifactId>
        </dependency>
        
        <!-- Spring Data Elasticsearch -->
        <dependency>
            <groupId>org.springframework.data</groupId>
            <artifactId>spring-data-elasticsearch</artifactId>
        </dependency>
        
        <!-- Jackson for JSON processing -->
        <dependency>
            <groupId>com.fasterxml.jackson.core</groupId>
            <artifactId>jackson-annotations</artifactId>
            <version>2.13.3</version>
        </dependency>
        <dependency>
            <groupId>com.fasterxml.jackson.core</groupId>
            <artifactId>jackson-databind</artifactId>
            <version>2.13.3</version>
        </dependency>
        
        <!-- Elasticsearch REST Client -->
        <dependency>
            <groupId>org.elasticsearch.client</groupId>
            <artifactId>elasticsearch-rest-high-level-client</artifactId>
            <version>7.17.3</version>
        </dependency>
        
        <!-- Logging -->
        <dependency>
            <groupId>org.slf4j</groupId>
            <artifactId>slf4j-api</artifactId>
            <version>1.7.36</version>
        </dependency>
        <dependency>
            <groupId>ch.qos.logback</groupId>
            <artifactId>logback-classic</artifactId>
            <version>1.2.11</version>
        </dependency>

        <!-- Test Dependencies -->
        <dependency>
            <groupId>org.junit.jupiter</groupId>
            <artifactId>junit-jupiter</artifactId>
            <version>${junit.version}</version>
            <scope>test</scope>
        </dependency>
        <dependency>
            <groupId>org.mockito</groupId>
            <artifactId>mockito-core</artifactId>
            <version>${mockito.version}</version>
            <scope>test</scope>
        </dependency>
        <dependency>
            <groupId>org.mockito</groupId>
            <artifactId>mockito-junit-jupiter</artifactId>
            <version>${mockito.version}</version>
            <scope>test</scope>
        </dependency>
        <dependency>
            <groupId>org.springframework</groupId>
            <artifactId>spring-test</artifactId>
            <version>${spring.version}</version>
            <scope>test</scope>
        </dependency>
        <dependency>
            <groupId>org.assertj</groupId>
            <artifactId>assertj-core</artifactId>
            <version>3.23.1</version>
            <scope>test</scope>
        </dependency>
    </dependencies>

    <build>
        <sourceDirectory>lib/src/main/java</sourceDirectory>
        <testSourceDirectory>lib/src/test/java</testSourceDirectory>
        
        <plugins>
            <plugin>
                <groupId>org.apache.maven.plugins</groupId>
                <artifactId>maven-compiler-plugin</artifactId>
                <version>3.11.0</version>
                <configuration>
                    <source>${java.version}</source>
                    <target>${java.version}</target>
                </configuration>
            </plugin>
            
            <plugin>
                <groupId>org.apache.maven.plugins</groupId>
                <artifactId>maven-surefire-plugin</artifactId>
                <version>3.0.0-M7</version>
                <configuration>
                    <includes>
                        <include>**/*Test.java</include>
                        <include>**/*Tests.java</include>
                    </includes>
                </configuration>
            </plugin>
            
            <!-- JaCoCo for code coverage -->
            <plugin>
                <groupId>org.jacoco</groupId>
                <artifactId>jacoco-maven-plugin</artifactId>
                <version>0.8.8</version>
                <executions>
                    <execution>
                        <goals>
                            <goal>prepare-agent</goal>
                        </goals>
                    </execution>
                    <execution>
                        <id>report</id>
                        <phase>test</phase>
                        <goals>
                            <goal>report</goal>
                        </goals>
                    </execution>
                </executions>
            </plugin>
        </plugins>
    </build>
</project>