<?xml version="1.0" encoding="UTF-8"?>
<testsuite xmlns:xsi="http://www.w3.org/2001/XMLSchema-instance" xsi:noNamespaceSchemaLocation="https://maven.apache.org/surefire/maven-surefire-plugin/xsd/surefire-test-report-3.0.xsd" version="3.0" name="com.matthewjohnson42.memex.data.repository.mongo.RawTextMongoRepoTest" time="0.033" tests="11" errors="0" skipped="0" failures="0">
  <properties>
    <property name="java.specification.version" value="17"/>
    <property name="sun.jnu.encoding" value="UTF-8"/>
    <property name="java.class.path" value="/home/runner/work/memex-spring-data/memex-spring-data/target/test-classes:/home/runner/work/memex-spring-data/memex-spring-data/target/classes:/home/runner/.m2/repository/org/springframework/spring-context/5.3.21/spring-context-5.3.21.jar:/home/runner/.m2/repository/org/springframework/spring-aop/5.3.21/spring-aop-5.3.21.jar:/home/runner/.m2/repository/org/springframework/spring-beans/5.3.21/spring-beans-5.3.21.jar:/home/runner/.m2/repository/org/springframework/spring-core/5.3.21/spring-core-5.3.21.jar:/home/runner/.m2/repository/org/springframework/spring-jcl/5.3.21/spring-jcl-5.3.21.jar:/home/runner/.m2/repository/org/springframework/spring-expression/5.3.21/spring-expression-5.3.21.jar:/home/runner/.m2/repository/org/springframework/spring-web/5.3.21/spring-web-5.3.21.jar:/home/runner/.m2/repository/org/springframework/spring-webmvc/5.3.21/spring-webmvc-5.3.21.jar:/home/runner/.m2/repository/org/springframework/data/spring-data-mongodb/4.0.6/spring-data-mongodb-4.0.6.jar:/home/runner/.m2/repository/org/springframework/spring-tx/6.0.9/spring-tx-6.0.9.jar:/home/runner/.m2/repository/org/springframework/data/spring-data-commons/3.0.6/spring-data-commons-3.0.6.jar:/home/runner/.m2/repository/org/mongodb/mongodb-driver-core/4.8.2/mongodb-driver-core-4.8.2.jar:/home/runner/.m2/repository/org/mongodb/bson/4.8.2/bson-4.8.2.jar:/home/runner/.m2/repository/org/mongodb/bson-record-codec/4.8.2/bson-record-codec-4.8.2.jar:/home/runner/.m2/repository/org/springframework/data/spring-data-elasticsearch/5.0.6/spring-data-elasticsearch-5.0.6.jar:/home/runner/.m2/repository/co/elastic/clients/elasticsearch-java/8.5.3/elasticsearch-java-8.5.3.jar:/home/runner/.m2/repository/com/google/code/findbugs/jsr305/3.0.2/jsr305-3.0.2.jar:/home/runner/.m2/repository/jakarta/json/jakarta.json-api/2.0.1/jakarta.json-api-2.0.1.jar:/home/runner/.m2/repository/org/eclipse/parsson/parsson/1.0.0/parsson-1.0.0.jar:/home/runner/.m2/repository/org/elasticsearch/client/elasticsearch-rest-client/8.5.3/elasticsearch-rest-client-8.5.3.jar:/home/runner/.m2/repository/org/apache/httpcomponents/httpclient/4.5.13/httpclient-4.5.13.jar:/home/runner/.m2/repository/org/apache/httpcomponents/httpcore/4.4.13/httpcore-4.4.13.jar:/home/runner/.m2/repository/org/apache/httpcomponents/httpasyncclient/4.1.5/httpasyncclient-4.1.5.jar:/home/runner/.m2/repository/org/apache/httpcomponents/httpcore-nio/4.4.13/httpcore-nio-4.4.13.jar:/home/runner/.m2/repository/commons-codec/commons-codec/1.15/commons-codec-1.15.jar:/home/runner/.m2/repository/com/fasterxml/jackson/core/jackson-core/2.14.3/jackson-core-2.14.3.jar:/home/runner/.m2/repository/com/fasterxml/jackson/core/jackson-annotations/2.13.3/jackson-annotations-2.13.3.jar:/home/runner/.m2/repository/com/fasterxml/jackson/core/jackson-databind/2.13.3/jackson-databind-2.13.3.jar:/home/runner/.m2/repository/org/elasticsearch/client/elasticsearch-rest-high-level-client/7.17.3/elasticsearch-rest-high-level-client-7.17.3.jar:/home/runner/.m2/repository/org/elasticsearch/elasticsearch/7.17.3/elasticsearch-7.17.3.jar:/home/runner/.m2/repository/org/elasticsearch/elasticsearch-core/7.17.3/elasticsearch-core-7.17.3.jar:/home/runner/.m2/repository/org/elasticsearch/elasticsearch-secure-sm/7.17.3/elasticsearch-secure-sm-7.17.3.jar:/home/runner/.m2/repository/org/elasticsearch/elasticsearch-x-content/7.17.3/elasticsearch-x-content-7.17.3.jar:/home/runner/.m2/repository/org/yaml/snakeyaml/1.26/snakeyaml-1.26.jar:/home/runner/.m2/repository/com/fasterxml/jackson/dataformat/jackson-dataformat-smile/2.10.4/jackson-dataformat-smile-2.10.4.jar:/home/runner/.m2/repository/com/fasterxml/jackson/dataformat/jackson-dataformat-yaml/2.10.4/jackson-dataformat-yaml-2.10.4.jar:/home/runner/.m2/repository/com/fasterxml/jackson/dataformat/jackson-dataformat-cbor/2.10.4/jackson-dataformat-cbor-2.10.4.jar:/home/runner/.m2/repository/org/elasticsearch/elasticsearch-geo/7.17.3/elasticsearch-geo-7.17.3.jar:/home/runner/.m2/repository/org/elasticsearch/elasticsearch-lz4/7.17.3/elasticsearch-lz4-7.17.3.jar:/home/runner/.m2/repository/org/lz4/lz4-java/1.8.0/lz4-java-1.8.0.jar:/home/runner/.m2/repository/org/apache/lucene/lucene-core/8.11.1/lucene-core-8.11.1.jar:/home/runner/.m2/repository/org/apache/lucene/lucene-analyzers-common/8.11.1/lucene-analyzers-common-8.11.1.jar:/home/runner/.m2/repository/org/apache/lucene/lucene-backward-codecs/8.11.1/lucene-backward-codecs-8.11.1.jar:/home/runner/.m2/repository/org/apache/lucene/lucene-grouping/8.11.1/lucene-grouping-8.11.1.jar:/home/runner/.m2/repository/org/apache/lucene/lucene-highlighter/8.11.1/lucene-highlighter-8.11.1.jar:/home/runner/.m2/repository/org/apache/lucene/lucene-join/8.11.1/lucene-join-8.11.1.jar:/home/runner/.m2/repository/org/apache/lucene/lucene-memory/8.11.1/lucene-memory-8.11.1.jar:/home/runner/.m2/repository/org/apache/lucene/lucene-misc/8.11.1/lucene-misc-8.11.1.jar:/home/runner/.m2/repository/org/apache/lucene/lucene-queries/8.11.1/lucene-queries-8.11.1.jar:/home/runner/.m2/repository/org/apache/lucene/lucene-queryparser/8.11.1/lucene-queryparser-8.11.1.jar:/home/runner/.m2/repository/org/apache/lucene/lucene-sandbox/8.11.1/lucene-sandbox-8.11.1.jar:/home/runner/.m2/repository/org/apache/lucene/lucene-spatial3d/8.11.1/lucene-spatial3d-8.11.1.jar:/home/runner/.m2/repository/org/apache/lucene/lucene-suggest/8.11.1/lucene-suggest-8.11.1.jar:/home/runner/.m2/repository/org/elasticsearch/elasticsearch-cli/7.17.3/elasticsearch-cli-7.17.3.jar:/home/runner/.m2/repository/net/sf/jopt-simple/jopt-simple/5.0.2/jopt-simple-5.0.2.jar:/home/runner/.m2/repository/com/carrotsearch/hppc/0.8.1/hppc-0.8.1.jar:/home/runner/.m2/repository/joda-time/joda-time/2.10.10/joda-time-2.10.10.jar:/home/runner/.m2/repository/com/tdunning/t-digest/3.2/t-digest-3.2.jar:/home/runner/.m2/repository/org/hdrhistogram/HdrHistogram/2.1.9/HdrHistogram-2.1.9.jar:/home/runner/.m2/repository/org/apache/logging/log4j/log4j-api/2.17.1/log4j-api-2.17.1.jar:/home/runner/.m2/repository/net/java/dev/jna/jna/5.10.0/jna-5.10.0.jar:/home/runner/.m2/repository/org/elasticsearch/elasticsearch-plugin-classloader/7.17.3/elasticsearch-plugin-classloader-7.17.3.jar:/home/runner/.m2/repository/org/elasticsearch/plugin/mapper-extras-client/7.17.3/mapper-extras-client-7.17.3.jar:/home/runner/.m2/repository/org/elasticsearch/plugin/parent-join-client/7.17.3/parent-join-client-7.17.3.jar:/home/runner/.m2/repository/org/elasticsearch/plugin/aggs-matrix-stats-client/7.17.3/aggs-matrix-stats-client-7.17.3.jar:/home/runner/.m2/repository/org/elasticsearch/plugin/rank-eval-client/7.17.3/rank-eval-client-7.17.3.jar:/home/runner/.m2/repository/org/elasticsearch/plugin/lang-mustache-client/7.17.3/lang-mustache-client-7.17.3.jar:/home/runner/.m2/repository/com/github/spullara/mustache/java/compiler/0.9.6/compiler-0.9.6.jar:/home/runner/.m2/repository/org/slf4j/slf4j-api/1.7.36/slf4j-api-1.7.36.jar:/home/runner/.m2/repository/ch/qos/logback/logback-classic/1.2.11/logback-classic-1.2.11.jar:/home/runner/.m2/repository/ch/qos/logback/logback-core/1.2.11/logback-core-1.2.11.jar:/home/runner/.m2/repository/org/junit/jupiter/junit-jupiter/5.8.2/junit-jupiter-5.8.2.jar:/home/runner/.m2/repository/org/junit/jupiter/junit-jupiter-api/5.8.2/junit-jupiter-api-5.8.2.jar:/home/runner/.m2/repository/org/opentest4j/opentest4j/1.2.0/opentest4j-1.2.0.jar:/home/runner/.m2/repository/org/junit/platform/junit-platform-commons/1.8.2/junit-platform-commons-1.8.2.jar:/home/runner/.m2/repository/org/apiguardian/apiguardian-api/1.1.2/apiguardian-api-1.1.2.jar:/home/runner/.m2/repository/org/junit/jupiter/junit-jupiter-params/5.8.2/junit-jupiter-params-5.8.2.jar:/home/runner/.m2/repository/org/junit/jupiter/junit-jupiter-engine/5.8.2/junit-jupiter-engine-5.8.2.jar:/home/runner/.m2/repository/org/junit/platform/junit-platform-engine/1.8.2/junit-platform-engine-1.8.2.jar:/home/runner/.m2/repository/org/mockito/mockito-core/4.6.1/mockito-core-4.6.1.jar:/home/runner/.m2/repository/net/bytebuddy/byte-buddy/1.12.10/byte-buddy-1.12.10.jar:/home/runner/.m2/repository/net/bytebuddy/byte-buddy-agent/1.12.10/byte-buddy-agent-1.12.10.jar:/home/runner/.m2/repository/org/objenesis/objenesis/3.2/objenesis-3.2.jar:/home/runner/.m2/repository/org/mockito/mockito-junit-jupiter/4.6.1/mockito-junit-jupiter-4.6.1.jar:/home/runner/.m2/repository/org/springframework/spring-test/5.3.21/spring-test-5.3.21.jar:/home/runner/.m2/repository/org/assertj/assertj-core/3.23.1/assertj-core-3.23.1.jar:"/>
    <property name="java.vm.vendor" value="Eclipse Adoptium"/>
    <property name="sun.arch.data.model" value="64"/>
    <property name="java.vendor.url" value="https://adoptium.net/"/>
    <property name="user.timezone" value="Etc/UTC"/>
    <property name="os.name" value="Linux"/>
    <property name="java.vm.specification.version" value="17"/>
    <property name="sun.java.launcher" value="SUN_STANDARD"/>
    <property name="sun.boot.library.path" value="/usr/lib/jvm/temurin-17-jdk-amd64/lib"/>
    <property name="sun.java.command" value="/home/runner/work/memex-spring-data/memex-spring-data/target/surefire/surefirebooter-20250726004404879_3.jar /home/runner/work/memex-spring-data/memex-spring-data/target/surefire 2025-07-26T00-44-04_689-jvmRun1 surefire-20250726004404879_1tmp surefire_0-20250726004404879_2tmp"/>
    <property name="jdk.debug" value="release"/>
    <property name="surefire.test.class.path" value="/home/runner/work/memex-spring-data/memex-spring-data/target/test-classes:/home/runner/work/memex-spring-data/memex-spring-data/target/classes:/home/runner/.m2/repository/org/springframework/spring-context/5.3.21/spring-context-5.3.21.jar:/home/runner/.m2/repository/org/springframework/spring-aop/5.3.21/spring-aop-5.3.21.jar:/home/runner/.m2/repository/org/springframework/spring-beans/5.3.21/spring-beans-5.3.21.jar:/home/runner/.m2/repository/org/springframework/spring-core/5.3.21/spring-core-5.3.21.jar:/home/runner/.m2/repository/org/springframework/spring-jcl/5.3.21/spring-jcl-5.3.21.jar:/home/runner/.m2/repository/org/springframework/spring-expression/5.3.21/spring-expression-5.3.21.jar:/home/runner/.m2/repository/org/springframework/spring-web/5.3.21/spring-web-5.3.21.jar:/home/runner/.m2/repository/org/springframework/spring-webmvc/5.3.21/spring-webmvc-5.3.21.jar:/home/runner/.m2/repository/org/springframework/data/spring-data-mongodb/4.0.6/spring-data-mongodb-4.0.6.jar:/home/runner/.m2/repository/org/springframework/spring-tx/6.0.9/spring-tx-6.0.9.jar:/home/runner/.m2/repository/org/springframework/data/spring-data-commons/3.0.6/spring-data-commons-3.0.6.jar:/home/runner/.m2/repository/org/mongodb/mongodb-driver-core/4.8.2/mongodb-driver-core-4.8.2.jar:/home/runner/.m2/repository/org/mongodb/bson/4.8.2/bson-4.8.2.jar:/home/runner/.m2/repository/org/mongodb/bson-record-codec/4.8.2/bson-record-codec-4.8.2.jar:/home/runner/.m2/repository/org/springframework/data/spring-data-elasticsearch/5.0.6/spring-data-elasticsearch-5.0.6.jar:/home/runner/.m2/repository/co/elastic/clients/elasticsearch-java/8.5.3/elasticsearch-java-8.5.3.jar:/home/runner/.m2/repository/com/google/code/findbugs/jsr305/3.0.2/jsr305-3.0.2.jar:/home/runner/.m2/repository/jakarta/json/jakarta.json-api/2.0.1/jakarta.json-api-2.0.1.jar:/home/runner/.m2/repository/org/eclipse/parsson/parsson/1.0.0/parsson-1.0.0.jar:/home/runner/.m2/repository/org/elasticsearch/client/elasticsearch-rest-client/8.5.3/elasticsearch-rest-client-8.5.3.jar:/home/runner/.m2/repository/org/apache/httpcomponents/httpclient/4.5.13/httpclient-4.5.13.jar:/home/runner/.m2/repository/org/apache/httpcomponents/httpcore/4.4.13/httpcore-4.4.13.jar:/home/runner/.m2/repository/org/apache/httpcomponents/httpasyncclient/4.1.5/httpasyncclient-4.1.5.jar:/home/runner/.m2/repository/org/apache/httpcomponents/httpcore-nio/4.4.13/httpcore-nio-4.4.13.jar:/home/runner/.m2/repository/commons-codec/commons-codec/1.15/commons-codec-1.15.jar:/home/runner/.m2/repository/com/fasterxml/jackson/core/jackson-core/2.14.3/jackson-core-2.14.3.jar:/home/runner/.m2/repository/com/fasterxml/jackson/core/jackson-annotations/2.13.3/jackson-annotations-2.13.3.jar:/home/runner/.m2/repository/com/fasterxml/jackson/core/jackson-databind/2.13.3/jackson-databind-2.13.3.jar:/home/runner/.m2/repository/org/elasticsearch/client/elasticsearch-rest-high-level-client/7.17.3/elasticsearch-rest-high-level-client-7.17.3.jar:/home/runner/.m2/repository/org/elasticsearch/elasticsearch/7.17.3/elasticsearch-7.17.3.jar:/home/runner/.m2/repository/org/elasticsearch/elasticsearch-core/7.17.3/elasticsearch-core-7.17.3.jar:/home/runner/.m2/repository/org/elasticsearch/elasticsearch-secure-sm/7.17.3/elasticsearch-secure-sm-7.17.3.jar:/home/runner/.m2/repository/org/elasticsearch/elasticsearch-x-content/7.17.3/elasticsearch-x-content-7.17.3.jar:/home/runner/.m2/repository/org/yaml/snakeyaml/1.26/snakeyaml-1.26.jar:/home/runner/.m2/repository/com/fasterxml/jackson/dataformat/jackson-dataformat-smile/2.10.4/jackson-dataformat-smile-2.10.4.jar:/home/runner/.m2/repository/com/fasterxml/jackson/dataformat/jackson-dataformat-yaml/2.10.4/jackson-dataformat-yaml-2.10.4.jar:/home/runner/.m2/repository/com/fasterxml/jackson/dataformat/jackson-dataformat-cbor/2.10.4/jackson-dataformat-cbor-2.10.4.jar:/home/runner/.m2/repository/org/elasticsearch/elasticsearch-geo/7.17.3/elasticsearch-geo-7.17.3.jar:/home/runner/.m2/repository/org/elasticsearch/elasticsearch-lz4/7.17.3/elasticsearch-lz4-7.17.3.jar:/home/runner/.m2/repository/org/lz4/lz4-java/1.8.0/lz4-java-1.8.0.jar:/home/runner/.m2/repository/org/apache/lucene/lucene-core/8.11.1/lucene-core-8.11.1.jar:/home/runner/.m2/repository/org/apache/lucene/lucene-analyzers-common/8.11.1/lucene-analyzers-common-8.11.1.jar:/home/runner/.m2/repository/org/apache/lucene/lucene-backward-codecs/8.11.1/lucene-backward-codecs-8.11.1.jar:/home/runner/.m2/repository/org/apache/lucene/lucene-grouping/8.11.1/lucene-grouping-8.11.1.jar:/home/runner/.m2/repository/org/apache/lucene/lucene-highlighter/8.11.1/lucene-highlighter-8.11.1.jar:/home/runner/.m2/repository/org/apache/lucene/lucene-join/8.11.1/lucene-join-8.11.1.jar:/home/runner/.m2/repository/org/apache/lucene/lucene-memory/8.11.1/lucene-memory-8.11.1.jar:/home/runner/.m2/repository/org/apache/lucene/lucene-misc/8.11.1/lucene-misc-8.11.1.jar:/home/runner/.m2/repository/org/apache/lucene/lucene-queries/8.11.1/lucene-queries-8.11.1.jar:/home/runner/.m2/repository/org/apache/lucene/lucene-queryparser/8.11.1/lucene-queryparser-8.11.1.jar:/home/runner/.m2/repository/org/apache/lucene/lucene-sandbox/8.11.1/lucene-sandbox-8.11.1.jar:/home/runner/.m2/repository/org/apache/lucene/lucene-spatial3d/8.11.1/lucene-spatial3d-8.11.1.jar:/home/runner/.m2/repository/org/apache/lucene/lucene-suggest/8.11.1/lucene-suggest-8.11.1.jar:/home/runner/.m2/repository/org/elasticsearch/elasticsearch-cli/7.17.3/elasticsearch-cli-7.17.3.jar:/home/runner/.m2/repository/net/sf/jopt-simple/jopt-simple/5.0.2/jopt-simple-5.0.2.jar:/home/runner/.m2/repository/com/carrotsearch/hppc/0.8.1/hppc-0.8.1.jar:/home/runner/.m2/repository/joda-time/joda-time/2.10.10/joda-time-2.10.10.jar:/home/runner/.m2/repository/com/tdunning/t-digest/3.2/t-digest-3.2.jar:/home/runner/.m2/repository/org/hdrhistogram/HdrHistogram/2.1.9/HdrHistogram-2.1.9.jar:/home/runner/.m2/repository/org/apache/logging/log4j/log4j-api/2.17.1/log4j-api-2.17.1.jar:/home/runner/.m2/repository/net/java/dev/jna/jna/5.10.0/jna-5.10.0.jar:/home/runner/.m2/repository/org/elasticsearch/elasticsearch-plugin-classloader/7.17.3/elasticsearch-plugin-classloader-7.17.3.jar:/home/runner/.m2/repository/org/elasticsearch/plugin/mapper-extras-client/7.17.3/mapper-extras-client-7.17.3.jar:/home/runner/.m2/repository/org/elasticsearch/plugin/parent-join-client/7.17.3/parent-join-client-7.17.3.jar:/home/runner/.m2/repository/org/elasticsearch/plugin/aggs-matrix-stats-client/7.17.3/aggs-matrix-stats-client-7.17.3.jar:/home/runner/.m2/repository/org/elasticsearch/plugin/rank-eval-client/7.17.3/rank-eval-client-7.17.3.jar:/home/runner/.m2/repository/org/elasticsearch/plugin/lang-mustache-client/7.17.3/lang-mustache-client-7.17.3.jar:/home/runner/.m2/repository/com/github/spullara/mustache/java/compiler/0.9.6/compiler-0.9.6.jar:/home/runner/.m2/repository/org/slf4j/slf4j-api/1.7.36/slf4j-api-1.7.36.jar:/home/runner/.m2/repository/ch/qos/logback/logback-classic/1.2.11/logback-classic-1.2.11.jar:/home/runner/.m2/repository/ch/qos/logback/logback-core/1.2.11/logback-core-1.2.11.jar:/home/runner/.m2/repository/org/junit/jupiter/junit-jupiter/5.8.2/junit-jupiter-5.8.2.jar:/home/runner/.m2/repository/org/junit/jupiter/junit-jupiter-api/5.8.2/junit-jupiter-api-5.8.2.jar:/home/runner/.m2/repository/org/opentest4j/opentest4j/1.2.0/opentest4j-1.2.0.jar:/home/runner/.m2/repository/org/junit/platform/junit-platform-commons/1.8.2/junit-platform-commons-1.8.2.jar:/home/runner/.m2/repository/org/apiguardian/apiguardian-api/1.1.2/apiguardian-api-1.1.2.jar:/home/runner/.m2/repository/org/junit/jupiter/junit-jupiter-params/5.8.2/junit-jupiter-params-5.8.2.jar:/home/runner/.m2/repository/org/junit/jupiter/junit-jupiter-engine/5.8.2/junit-jupiter-engine-5.8.2.jar:/home/runner/.m2/repository/org/junit/platform/junit-platform-engine/1.8.2/junit-platform-engine-1.8.2.jar:/home/runner/.m2/repository/org/mockito/mockito-core/4.6.1/mockito-core-4.6.1.jar:/home/runner/.m2/repository/net/bytebuddy/byte-buddy/1.12.10/byte-buddy-1.12.10.jar:/home/runner/.m2/repository/net/bytebuddy/byte-buddy-agent/1.12.10/byte-buddy-agent-1.12.10.jar:/home/runner/.m2/repository/org/objenesis/objenesis/3.2/objenesis-3.2.jar:/home/runner/.m2/repository/org/mockito/mockito-junit-jupiter/4.6.1/mockito-junit-jupiter-4.6.1.jar:/home/runner/.m2/repository/org/springframework/spring-test/5.3.21/spring-test-5.3.21.jar:/home/runner/.m2/repository/org/assertj/assertj-core/3.23.1/assertj-core-3.23.1.jar:"/>
    <property name="sun.cpu.endian" value="little"/>
    <property name="user.home" value="/home/runner"/>
    <property name="user.language" value="en"/>
    <property name="java.specification.vendor" value="Oracle Corporation"/>
    <property name="java.version.date" value="2025-07-15"/>
    <property name="java.home" value="/usr/lib/jvm/temurin-17-jdk-amd64"/>
    <property name="file.separator" value="/"/>
    <property name="basedir" value="/home/runner/work/memex-spring-data/memex-spring-data"/>
    <property name="java.vm.compressedOopsMode" value="Zero based"/>
    <property name="line.separator" value="&#10;"/>
    <property name="java.specification.name" value="Java Platform API Specification"/>
    <property name="java.vm.specification.vendor" value="Oracle Corporation"/>
    <property name="surefire.real.class.path" value="/home/runner/work/memex-spring-data/memex-spring-data/target/surefire/surefirebooter-20250726004404879_3.jar"/>
    <property name="sun.management.compiler" value="HotSpot 64-Bit Tiered Compilers"/>
    <property name="java.runtime.version" value="17.0.16+8"/>
    <property name="user.name" value="runner"/>
    <property name="path.separator" value=":"/>
    <property name="os.version" value="6.11.0-1018-azure"/>
    <property name="java.runtime.name" value="OpenJDK Runtime Environment"/>
    <property name="file.encoding" value="UTF-8"/>
    <property name="java.vm.name" value="OpenJDK 64-Bit Server VM"/>
    <property name="java.vendor.version" value="Temurin-17.0.16+8"/>
    <property name="localRepository" value="/home/runner/.m2/repository"/>
    <property name="java.vendor.url.bug" value="https://github.com/adoptium/adoptium-support/issues"/>
    <property name="java.io.tmpdir" value="/tmp"/>
    <property name="java.version" value="17.0.16"/>
    <property name="user.dir" value="/home/runner/work/memex-spring-data/memex-spring-data"/>
    <property name="os.arch" value="amd64"/>
    <property name="java.vm.specification.name" value="Java Virtual Machine Specification"/>
    <property name="native.encoding" value="UTF-8"/>
    <property name="java.library.path" value="/usr/java/packages/lib:/usr/lib64:/lib64:/lib:/usr/lib"/>
    <property name="java.vm.info" value="mixed mode, sharing"/>
    <property name="java.vendor" value="Eclipse Adoptium"/>
    <property name="java.vm.version" value="17.0.16+8"/>
    <property name="java.specification.maintenance.version" value="1"/>
    <property name="sun.io.unicode.encoding" value="UnicodeLittle"/>
    <property name="java.class.version" value="61.0"/>
  </properties>
  <testcase name="testInterfaceIsInterface" classname="com.matthewjohnson42.memex.data.repository.mongo.RawTextMongoRepoTest" time="0.002"/>
  <testcase name="testCanBeUsedAsRepository" classname="com.matthewjohnson42.memex.data.repository.mongo.RawTextMongoRepoTest" time="0.005"/>
  <testcase name="testInheritsMongoRepositoryMethods" classname="com.matthewjohnson42.memex.data.repository.mongo.RawTextMongoRepoTest" time="0.005"/>
  <testcase name="testInterfaceIsPublic" classname="com.matthewjohnson42.memex.data.repository.mongo.RawTextMongoRepoTest" time="0"/>
  <testcase name="testInterfaceExtendsRepository" classname="com.matthewjohnson42.memex.data.repository.mongo.RawTextMongoRepoTest" time="0"/>
  <testcase name="testInheritanceHierarchy" classname="com.matthewjohnson42.memex.data.repository.mongo.RawTextMongoRepoTest" time="0.001"/>
  <testcase name="testPackageLocation" classname="com.matthewjohnson42.memex.data.repository.mongo.RawTextMongoRepoTest" time="0.001"/>
  <testcase name="testInheritsRepositoryMethods" classname="com.matthewjohnson42.memex.data.repository.mongo.RawTextMongoRepoTest" time="0.001"/>
  <testcase name="testHasNoAbstractMethods" classname="com.matthewjohnson42.memex.data.repository.mongo.RawTextMongoRepoTest" time="0.001"/>
  <testcase name="testGenericTypes" classname="com.matthewjohnson42.memex.data.repository.mongo.RawTextMongoRepoTest" time="0.001"/>
  <testcase name="testEntityAndIdTypes" classname="com.matthewjohnson42.memex.data.repository.mongo.RawTextMongoRepoTest" time="0.003"/>
</testsuite>